#! /c/Source/iverilog-install/bin/vvp
:ivl_version "12.0 (devel)" "(s20150603-1110-g18392a46)";
:ivl_delay_selection "TYPICAL";
:vpi_time_precision + 0;
:vpi_module "C:\iverilog\lib\ivl\system.vpi";
:vpi_module "C:\iverilog\lib\ivl\vhdl_sys.vpi";
:vpi_module "C:\iverilog\lib\ivl\vhdl_textio.vpi";
:vpi_module "C:\iverilog\lib\ivl\v2005_math.vpi";
:vpi_module "C:\iverilog\lib\ivl\va_math.vpi";
S_000002324de02790 .scope module, "mux_2to1" "mux_2to1" 2 2;
 .timescale 0 0;
    .port_info 0 /INPUT 1 "a";
    .port_info 1 /INPUT 1 "b";
    .port_info 2 /INPUT 1 "se";
    .port_info 3 /INPUT 1 "en";
    .port_info 4 /OUTPUT 1 "y";
v000002324de36f00_0 .net *"_ivl_0", 0 0, L_000002324dded800;  1 drivers
o000002324de36fd8 .functor BUFZ 1, C4<z>; HiZ drive
; Elide local net with no drivers, v000002324de02920_0 name=_ivl_2
o000002324de37008 .functor BUFZ 1, C4<z>; HiZ drive
v000002324de029c0_0 .net "a", 0 0, o000002324de37008;  0 drivers
o000002324de37038 .functor BUFZ 1, C4<z>; HiZ drive
v000002324de02a60_0 .net "b", 0 0, o000002324de37038;  0 drivers
o000002324de37068 .functor BUFZ 1, C4<z>; HiZ drive
v000002324de02b00_0 .net "en", 0 0, o000002324de37068;  0 drivers
o000002324de37098 .functor BUFZ 1, C4<z>; HiZ drive
v000002324de02ba0_0 .net "se", 0 0, o000002324de37098;  0 drivers
v000002324dded760_0 .net "y", 0 0, L_000002324dded8a0;  1 drivers
L_000002324dded800 .functor MUXZ 1, o000002324de37038, o000002324de37008, o000002324de37098, C4<>;
L_000002324dded8a0 .functor MUXZ 1, o000002324de36fd8, L_000002324dded800, o000002324de37068, C4<>;
# The file index is used to find the file name in the following table.
:file_names 3;
    "N/A";
    "<interactive>";
    "mux.v";
