#! /c/Source/iverilog-install/bin/vvp
:ivl_version "12.0 (devel)" "(s20150603-1110-g18392a46)";
:ivl_delay_selection "TYPICAL";
:vpi_time_precision - 12;
:vpi_module "C:\iverilog\lib\ivl\system.vpi";
:vpi_module "C:\iverilog\lib\ivl\vhdl_sys.vpi";
:vpi_module "C:\iverilog\lib\ivl\vhdl_textio.vpi";
:vpi_module "C:\iverilog\lib\ivl\v2005_math.vpi";
:vpi_module "C:\iverilog\lib\ivl\va_math.vpi";
S_00000184e65da1d0 .scope module, "tb" "tb" 2 4;
 .timescale -9 -12;
v00000184e64c27b0_0 .var "a", 0 0;
v00000184e64c2850_0 .var "b", 0 0;
v00000184e64c28f0_0 .var "en", 0 0;
v00000184e64c2990_0 .var "se", 0 0;
v00000184e64c2a30_0 .net "y", 0 0, L_00000184e64c2b70;  1 drivers
S_00000184e64f54f0 .scope module, "uut" "mux_2to1" 2 16, 3 2 0, S_00000184e65da1d0;
 .timescale -9 -12;
    .port_info 0 /INPUT 1 "a";
    .port_info 1 /INPUT 1 "b";
    .port_info 2 /INPUT 1 "se";
    .port_info 3 /INPUT 1 "en";
    .port_info 4 /OUTPUT 1 "y";
v00000184e65da4a0_0 .net *"_ivl_0", 0 0, L_00000184e64c2ad0;  1 drivers
o00000184e64f9fe8 .functor BUFZ 1, C4<z>; HiZ drive
; Elide local net with no drivers, v00000184e64e5c20_0 name=_ivl_2
v00000184e64f5680_0 .net "a", 0 0, v00000184e64c27b0_0;  1 drivers
v00000184e64f5720_0 .net "b", 0 0, v00000184e64c2850_0;  1 drivers
v00000184e64f57c0_0 .net "en", 0 0, v00000184e64c28f0_0;  1 drivers
v00000184e64f5860_0 .net "se", 0 0, v00000184e64c2990_0;  1 drivers
v00000184e64f5900_0 .net "y", 0 0, L_00000184e64c2b70;  alias, 1 drivers
L_00000184e64c2ad0 .functor MUXZ 1, v00000184e64c2850_0, v00000184e64c27b0_0, v00000184e64c2990_0, C4<>;
L_00000184e64c2b70 .functor MUXZ 1, o00000184e64f9fe8, L_00000184e64c2ad0, v00000184e64c28f0_0, C4<>;
    .scope S_00000184e65da1d0;
T_0 ;
    %vpi_call 2 26 "$dumpfile", "dump.vcd" {0 0 0};
    %vpi_call 2 27 "$dumpvars", 32'sb00000000000000000000000000000000, S_00000184e65da1d0 {0 0 0};
    %pushi/vec4 0, 0, 1;
    %store/vec4 v00000184e64c27b0_0, 0, 1;
    %pushi/vec4 0, 0, 1;
    %store/vec4 v00000184e64c2850_0, 0, 1;
    %pushi/vec4 0, 0, 1;
    %store/vec4 v00000184e64c2990_0, 0, 1;
    %pushi/vec4 1, 0, 1;
    %store/vec4 v00000184e64c28f0_0, 0, 1;
    %delay 10000, 0;
    %pushi/vec4 0, 0, 1;
    %store/vec4 v00000184e64c27b0_0, 0, 1;
    %pushi/vec4 1, 0, 1;
    %store/vec4 v00000184e64c2850_0, 0, 1;
    %pushi/vec4 0, 0, 1;
    %store/vec4 v00000184e64c2990_0, 0, 1;
    %pushi/vec4 1, 0, 1;
    %store/vec4 v00000184e64c28f0_0, 0, 1;
    %delay 10000, 0;
    %pushi/vec4 1, 0, 1;
    %store/vec4 v00000184e64c27b0_0, 0, 1;
    %pushi/vec4 0, 0, 1;
    %store/vec4 v00000184e64c2850_0, 0, 1;
    %pushi/vec4 1, 0, 1;
    %store/vec4 v00000184e64c2990_0, 0, 1;
    %pushi/vec4 1, 0, 1;
    %store/vec4 v00000184e64c28f0_0, 0, 1;
    %delay 10000, 0;
    %pushi/vec4 1, 0, 1;
    %store/vec4 v00000184e64c27b0_0, 0, 1;
    %pushi/vec4 1, 0, 1;
    %store/vec4 v00000184e64c2850_0, 0, 1;
    %pushi/vec4 1, 0, 1;
    %store/vec4 v00000184e64c2990_0, 0, 1;
    %pushi/vec4 0, 0, 1;
    %store/vec4 v00000184e64c28f0_0, 0, 1;
    %delay 10000, 0;
    %pushi/vec4 0, 0, 1;
    %store/vec4 v00000184e64c27b0_0, 0, 1;
    %pushi/vec4 1, 0, 1;
    %store/vec4 v00000184e64c2850_0, 0, 1;
    %pushi/vec4 1, 0, 1;
    %store/vec4 v00000184e64c2990_0, 0, 1;
    %pushi/vec4 1, 0, 1;
    %store/vec4 v00000184e64c28f0_0, 0, 1;
    %delay 10000, 0;
    %pushi/vec4 1, 0, 1;
    %store/vec4 v00000184e64c27b0_0, 0, 1;
    %pushi/vec4 0, 0, 1;
    %store/vec4 v00000184e64c2850_0, 0, 1;
    %pushi/vec4 0, 0, 1;
    %store/vec4 v00000184e64c2990_0, 0, 1;
    %pushi/vec4 0, 0, 1;
    %store/vec4 v00000184e64c28f0_0, 0, 1;
    %delay 10000, 0;
    %pushi/vec4 1, 0, 1;
    %store/vec4 v00000184e64c27b0_0, 0, 1;
    %pushi/vec4 0, 0, 1;
    %store/vec4 v00000184e64c2850_0, 0, 1;
    %pushi/vec4 0, 0, 1;
    %store/vec4 v00000184e64c2990_0, 0, 1;
    %pushi/vec4 1, 0, 1;
    %store/vec4 v00000184e64c28f0_0, 0, 1;
    %delay 10000, 0;
    %vpi_call 2 38 "$finish" {0 0 0};
    %end;
    .thread T_0;
    .scope S_00000184e65da1d0;
T_1 ;
    %vpi_call 2 42 "$monitor", "Time=%0t | a=%b b=%b se=%b en=%b | y=%b", $time, v00000184e64c27b0_0, v00000184e64c2850_0, v00000184e64c2990_0, v00000184e64c28f0_0, v00000184e64c2a30_0 {0 0 0};
    %end;
    .thread T_1;
# The file index is used to find the file name in the following table.
:file_names 4;
    "N/A";
    "<interactive>";
    "tb.v";
    "./mux.v";
