#! /c/Source/iverilog-install/bin/vvp
:ivl_version "12.0 (devel)" "(s20150603-1110-g18392a46)";
:ivl_delay_selection "TYPICAL";
:vpi_time_precision + 0;
:vpi_module "C:\iverilog\lib\ivl\system.vpi";
:vpi_module "C:\iverilog\lib\ivl\vhdl_sys.vpi";
:vpi_module "C:\iverilog\lib\ivl\vhdl_textio.vpi";
:vpi_module "C:\iverilog\lib\ivl\v2005_math.vpi";
:vpi_module "C:\iverilog\lib\ivl\va_math.vpi";
S_000002af92622880 .scope module, "mux_3b_4to1" "mux_3b_4to1" 2 2;
 .timescale 0 0;
    .port_info 0 /INPUT 3 "a";
    .port_info 1 /INPUT 3 "b";
    .port_info 2 /INPUT 3 "c";
    .port_info 3 /INPUT 3 "d";
    .port_info 4 /INPUT 2 "se";
    .port_info 5 /INPUT 1 "en";
    .port_info 6 /OUTPUT 3 "y";
o000002af92656f98 .functor BUFZ 3, C4<zzz>; HiZ drive
v000002af92622fb0_0 .net "a", 2 0, o000002af92656f98;  0 drivers
o000002af92656fc8 .functor BUFZ 3, C4<zzz>; HiZ drive
v000002af9260be70_0 .net "b", 2 0, o000002af92656fc8;  0 drivers
o000002af92656ff8 .functor BUFZ 3, C4<zzz>; HiZ drive
v000002af9260bf10_0 .net "c", 2 0, o000002af92656ff8;  0 drivers
o000002af92657028 .functor BUFZ 3, C4<zzz>; HiZ drive
v000002af92622a10_0 .net "d", 2 0, o000002af92657028;  0 drivers
o000002af92657058 .functor BUFZ 1, C4<z>; HiZ drive
v000002af92622ab0_0 .net "en", 0 0, o000002af92657058;  0 drivers
o000002af92657088 .functor BUFZ 2, C4<zz>; HiZ drive
v000002af92622b50_0 .net "se", 1 0, o000002af92657088;  0 drivers
v000002af92652860_0 .var "y", 2 0;
E_000002af92656460/0 .event anyedge, v000002af92622ab0_0, v000002af92622b50_0, v000002af92622fb0_0, v000002af9260be70_0;
E_000002af92656460/1 .event anyedge, v000002af9260bf10_0, v000002af92622a10_0;
E_000002af92656460 .event/or E_000002af92656460/0, E_000002af92656460/1;
    .scope S_000002af92622880;
T_0 ;
    %wait E_000002af92656460;
    %load/vec4 v000002af92622ab0_0;
    %flag_set/vec4 8;
    %jmp/0xz  T_0.0, 8;
    %load/vec4 v000002af92622b50_0;
    %dup/vec4;
    %pushi/vec4 0, 0, 2;
    %cmp/u;
    %jmp/1 T_0.2, 6;
    %dup/vec4;
    %pushi/vec4 1, 0, 2;
    %cmp/u;
    %jmp/1 T_0.3, 6;
    %dup/vec4;
    %pushi/vec4 2, 0, 2;
    %cmp/u;
    %jmp/1 T_0.4, 6;
    %dup/vec4;
    %pushi/vec4 3, 0, 2;
    %cmp/u;
    %jmp/1 T_0.5, 6;
    %pushi/vec4 0, 7, 3;
    %store/vec4 v000002af92652860_0, 0, 3;
    %jmp T_0.7;
T_0.2 ;
    %load/vec4 v000002af92622fb0_0;
    %store/vec4 v000002af92652860_0, 0, 3;
    %jmp T_0.7;
T_0.3 ;
    %load/vec4 v000002af9260be70_0;
    %store/vec4 v000002af92652860_0, 0, 3;
    %jmp T_0.7;
T_0.4 ;
    %load/vec4 v000002af9260bf10_0;
    %store/vec4 v000002af92652860_0, 0, 3;
    %jmp T_0.7;
T_0.5 ;
    %load/vec4 v000002af92622a10_0;
    %store/vec4 v000002af92652860_0, 0, 3;
    %jmp T_0.7;
T_0.7 ;
    %pop/vec4 1;
    %jmp T_0.1;
T_0.0 ;
    %pushi/vec4 0, 7, 3;
    %store/vec4 v000002af92652860_0, 0, 3;
T_0.1 ;
    %jmp T_0;
    .thread T_0, $push;
# The file index is used to find the file name in the following table.
:file_names 3;
    "N/A";
    "<interactive>";
    "mux.v";
