#! /c/Source/iverilog-install/bin/vvp
:ivl_version "12.0 (devel)" "(s20150603-1110-g18392a46)";
:ivl_delay_selection "TYPICAL";
:vpi_time_precision - 12;
:vpi_module "C:\iverilog\lib\ivl\system.vpi";
:vpi_module "C:\iverilog\lib\ivl\vhdl_sys.vpi";
:vpi_module "C:\iverilog\lib\ivl\vhdl_textio.vpi";
:vpi_module "C:\iverilog\lib\ivl\v2005_math.vpi";
:vpi_module "C:\iverilog\lib\ivl\va_math.vpi";
S_00000281688ebb50 .scope module, "tb" "tb" 2 4;
 .timescale -9 -12;
v00000281687c2a30_0 .var "a", 2 0;
v00000281687c2ad0_0 .var "b", 2 0;
v00000281687c2b70_0 .var "c", 2 0;
v00000281687c2c10_0 .var "d", 2 0;
v00000281687e5820_0 .var "en", 0 0;
v00000281687e58c0_0 .var "se", 1 0;
v00000281687e5960_0 .net "y", 2 0, v00000281687c2990_0;  1 drivers
S_00000281688ebce0 .scope module, "uut" "mux_3b_4to1" 2 18, 3 2 0, S_00000281688ebb50;
 .timescale -9 -12;
    .port_info 0 /INPUT 3 "a";
    .port_info 1 /INPUT 3 "b";
    .port_info 2 /INPUT 3 "c";
    .port_info 3 /INPUT 3 "d";
    .port_info 4 /INPUT 2 "se";
    .port_info 5 /INPUT 1 "en";
    .port_info 6 /OUTPUT 3 "y";
v00000281688ebe70_0 .net "a", 2 0, v00000281687c2a30_0;  1 drivers
v00000281688ebf10_0 .net "b", 2 0, v00000281687c2ad0_0;  1 drivers
v00000281688ee1f0_0 .net "c", 2 0, v00000281687c2b70_0;  1 drivers
v00000281687c27b0_0 .net "d", 2 0, v00000281687c2c10_0;  1 drivers
v00000281687c2850_0 .net "en", 0 0, v00000281687e5820_0;  1 drivers
v00000281687c28f0_0 .net "se", 1 0, v00000281687e58c0_0;  1 drivers
v00000281687c2990_0 .var "y", 2 0;
E_00000281687e4f60/0 .event anyedge, v00000281687c2850_0, v00000281687c28f0_0, v00000281688ebe70_0, v00000281688ebf10_0;
E_00000281687e4f60/1 .event anyedge, v00000281688ee1f0_0, v00000281687c27b0_0;
E_00000281687e4f60 .event/or E_00000281687e4f60/0, E_00000281687e4f60/1;
    .scope S_00000281688ebce0;
T_0 ;
    %wait E_00000281687e4f60;
    %load/vec4 v00000281687c2850_0;
    %flag_set/vec4 8;
    %jmp/0xz  T_0.0, 8;
    %load/vec4 v00000281687c28f0_0;
    %dup/vec4;
    %pushi/vec4 0, 0, 2;
    %cmp/u;
    %jmp/1 T_0.2, 6;
    %dup/vec4;
    %pushi/vec4 1, 0, 2;
    %cmp/u;
    %jmp/1 T_0.3, 6;
    %dup/vec4;
    %pushi/vec4 2, 0, 2;
    %cmp/u;
    %jmp/1 T_0.4, 6;
    %dup/vec4;
    %pushi/vec4 3, 0, 2;
    %cmp/u;
    %jmp/1 T_0.5, 6;
    %pushi/vec4 0, 7, 3;
    %store/vec4 v00000281687c2990_0, 0, 3;
    %jmp T_0.7;
T_0.2 ;
    %load/vec4 v00000281688ebe70_0;
    %store/vec4 v00000281687c2990_0, 0, 3;
    %jmp T_0.7;
T_0.3 ;
    %load/vec4 v00000281688ebf10_0;
    %store/vec4 v00000281687c2990_0, 0, 3;
    %jmp T_0.7;
T_0.4 ;
    %load/vec4 v00000281688ee1f0_0;
    %store/vec4 v00000281687c2990_0, 0, 3;
    %jmp T_0.7;
T_0.5 ;
    %load/vec4 v00000281687c27b0_0;
    %store/vec4 v00000281687c2990_0, 0, 3;
    %jmp T_0.7;
T_0.7 ;
    %pop/vec4 1;
    %jmp T_0.1;
T_0.0 ;
    %pushi/vec4 0, 7, 3;
    %store/vec4 v00000281687c2990_0, 0, 3;
T_0.1 ;
    %jmp T_0;
    .thread T_0, $push;
    .scope S_00000281688ebb50;
T_1 ;
    %vpi_call 2 29 "$dumpfile", "dump.vcd" {0 0 0};
    %vpi_call 2 30 "$dumpvars", 32'sb00000000000000000000000000000000, S_00000281688ebb50 {0 0 0};
    %pushi/vec4 0, 0, 3;
    %store/vec4 v00000281687c2a30_0, 0, 3;
    %pushi/vec4 1, 0, 3;
    %store/vec4 v00000281687c2ad0_0, 0, 3;
    %pushi/vec4 2, 0, 3;
    %store/vec4 v00000281687c2b70_0, 0, 3;
    %pushi/vec4 3, 0, 3;
    %store/vec4 v00000281687c2c10_0, 0, 3;
    %pushi/vec4 1, 0, 1;
    %store/vec4 v00000281687e5820_0, 0, 1;
    %pushi/vec4 0, 0, 2;
    %store/vec4 v00000281687e58c0_0, 0, 2;
    %delay 10000, 0;
    %pushi/vec4 1, 0, 2;
    %store/vec4 v00000281687e58c0_0, 0, 2;
    %delay 10000, 0;
    %pushi/vec4 2, 0, 2;
    %store/vec4 v00000281687e58c0_0, 0, 2;
    %delay 10000, 0;
    %pushi/vec4 3, 0, 2;
    %store/vec4 v00000281687e58c0_0, 0, 2;
    %delay 10000, 0;
    %pushi/vec4 0, 0, 1;
    %store/vec4 v00000281687e5820_0, 0, 1;
    %pushi/vec4 2, 0, 2;
    %store/vec4 v00000281687e58c0_0, 0, 2;
    %delay 10000, 0;
    %vpi_call 2 42 "$finish" {0 0 0};
    %end;
    .thread T_1;
    .scope S_00000281688ebb50;
T_2 ;
    %vpi_call 2 46 "$monitor", "Time=%0t | en=%b se=%b | a=%b b=%b c=%b d=%b | y=%b", $time, v00000281687e5820_0, v00000281687e58c0_0, v00000281687c2a30_0, v00000281687c2ad0_0, v00000281687c2b70_0, v00000281687c2c10_0, v00000281687e5960_0 {0 0 0};
    %end;
    .thread T_2;
# The file index is used to find the file name in the following table.
:file_names 4;
    "N/A";
    "<interactive>";
    "tb.v";
    "./mux.v";
