#! /c/Source/iverilog-install/bin/vvp
:ivl_version "12.0 (devel)" "(s20150603-1110-g18392a46)";
:ivl_delay_selection "TYPICAL";
:vpi_time_precision - 12;
:vpi_module "C:\iverilog\lib\ivl\system.vpi";
:vpi_module "C:\iverilog\lib\ivl\vhdl_sys.vpi";
:vpi_module "C:\iverilog\lib\ivl\vhdl_textio.vpi";
:vpi_module "C:\iverilog\lib\ivl\v2005_math.vpi";
:vpi_module "C:\iverilog\lib\ivl\va_math.vpi";
S_000001f4f4d56400 .scope module, "tb_d_flipflop" "tb_d_flipflop" 2 6;
 .timescale -9 -12;
v000001f4f4e3a530_0 .var "clk", 0 0;
v000001f4f4e3a5d0_0 .var "d", 0 0;
v000001f4f4e3a670_0 .var "en", 0 0;
v000001f4f4e3a710_0 .net "q", 0 0, v000001f4f4d567c0_0;  1 drivers
v000001f4f4e3a7b0_0 .var "rst", 0 0;
S_000001f4f4d56590 .scope module, "uut" "d_flipflop" 2 18, 3 31 0, S_000001f4f4d56400;
 .timescale 0 0;
    .port_info 0 /INPUT 1 "d";
    .port_info 1 /INPUT 1 "en";
    .port_info 2 /INPUT 1 "clk";
    .port_info 3 /INPUT 1 "rst";
    .port_info 4 /OUTPUT 1 "q";
v000001f4f4d231a0_0 .net "clk", 0 0, v000001f4f4e3a530_0;  1 drivers
v000001f4f4d22ed0_0 .net "d", 0 0, v000001f4f4e3a5d0_0;  1 drivers
v000001f4f4d56720_0 .net "en", 0 0, v000001f4f4e3a670_0;  1 drivers
v000001f4f4d567c0_0 .var "q", 0 0;
v000001f4f4e3a490_0 .net "rst", 0 0, v000001f4f4e3a7b0_0;  1 drivers
E_000001f4f4d5af40 .event posedge, v000001f4f4e3a490_0, v000001f4f4d231a0_0;
    .scope S_000001f4f4d56590;
T_0 ;
    %wait E_000001f4f4d5af40;
    %load/vec4 v000001f4f4e3a490_0;
    %flag_set/vec4 8;
    %jmp/0xz  T_0.0, 8;
    %pushi/vec4 0, 0, 1;
    %assign/vec4 v000001f4f4d567c0_0, 0;
    %jmp T_0.1;
T_0.0 ;
    %load/vec4 v000001f4f4d56720_0;
    %flag_set/vec4 8;
    %jmp/0xz  T_0.2, 8;
    %load/vec4 v000001f4f4d22ed0_0;
    %assign/vec4 v000001f4f4d567c0_0, 0;
T_0.2 ;
T_0.1 ;
    %jmp T_0;
    .thread T_0;
    .scope S_000001f4f4d56400;
T_1 ;
    %vpi_call 2 27 "$dumpfile", "dump.vcd" {0 0 0};
    %vpi_call 2 28 "$dumpvars", 32'sb00000000000000000000000000000000, S_000001f4f4d56400 {0 0 0};
    %end;
    .thread T_1;
    .scope S_000001f4f4d56400;
T_2 ;
    %pushi/vec4 0, 0, 1;
    %assign/vec4 v000001f4f4e3a530_0, 0;
T_2.0 ;
    %delay 5000, 0;
    %load/vec4 v000001f4f4e3a530_0;
    %inv;
    %assign/vec4 v000001f4f4e3a530_0, 0;
    %jmp T_2.0;
    %end;
    .thread T_2;
    .scope S_000001f4f4d56400;
T_3 ;
    %pushi/vec4 0, 0, 1;
    %store/vec4 v000001f4f4e3a5d0_0, 0, 1;
    %pushi/vec4 0, 0, 1;
    %store/vec4 v000001f4f4e3a670_0, 0, 1;
    %pushi/vec4 0, 0, 1;
    %store/vec4 v000001f4f4e3a7b0_0, 0, 1;
    %delay 3000, 0;
    %pushi/vec4 1, 0, 1;
    %store/vec4 v000001f4f4e3a670_0, 0, 1;
    %pushi/vec4 1, 0, 1;
    %store/vec4 v000001f4f4e3a5d0_0, 0, 1;
    %delay 15000, 0;
    %pushi/vec4 0, 0, 1;
    %store/vec4 v000001f4f4e3a5d0_0, 0, 1;
    %delay 5000, 0;
    %pushi/vec4 0, 0, 1;
    %store/vec4 v000001f4f4e3a670_0, 0, 1;
    %delay 5000, 0;
    %pushi/vec4 1, 0, 1;
    %store/vec4 v000001f4f4e3a5d0_0, 0, 1;
    %delay 5000, 0;
    %pushi/vec4 0, 0, 1;
    %store/vec4 v000001f4f4e3a5d0_0, 0, 1;
    %delay 5000, 0;
    %pushi/vec4 1, 0, 1;
    %store/vec4 v000001f4f4e3a670_0, 0, 1;
    %delay 5000, 0;
    %pushi/vec4 1, 0, 1;
    %store/vec4 v000001f4f4e3a5d0_0, 0, 1;
    %delay 10000, 0;
    %pushi/vec4 1, 0, 1;
    %store/vec4 v000001f4f4e3a7b0_0, 0, 1;
    %delay 10000, 0;
    %pushi/vec4 0, 0, 1;
    %store/vec4 v000001f4f4e3a7b0_0, 0, 1;
    %delay 10000, 0;
    %pushi/vec4 0, 0, 1;
    %store/vec4 v000001f4f4e3a670_0, 0, 1;
    %delay 10000, 0;
    %pushi/vec4 0, 0, 1;
    %store/vec4 v000001f4f4e3a5d0_0, 0, 1;
    %delay 10000, 0;
    %pushi/vec4 1, 0, 1;
    %store/vec4 v000001f4f4e3a670_0, 0, 1;
    %delay 7000, 0;
    %vpi_call 2 60 "$finish" {0 0 0};
    %end;
    .thread T_3;
    .scope S_000001f4f4d56400;
T_4 ;
    %vpi_call 2 66 "$monitor", "Time=%0t | d=%b en=%b clk=%b rst=%b | q=%b", $time, v000001f4f4e3a5d0_0, v000001f4f4e3a670_0, v000001f4f4e3a530_0, v000001f4f4e3a7b0_0, v000001f4f4e3a710_0 {0 0 0};
    %end;
    .thread T_4;
# The file index is used to find the file name in the following table.
:file_names 4;
    "N/A";
    "<interactive>";
    "d_flipflop_tb.v";
    "./d_flipflop.v";
