#! /c/Source/iverilog-install/bin/vvp
:ivl_version "12.0 (devel)" "(s20150603-1110-g18392a46)";
:ivl_delay_selection "TYPICAL";
:vpi_time_precision + 0;
:vpi_module "C:\iverilog\lib\ivl\system.vpi";
:vpi_module "C:\iverilog\lib\ivl\vhdl_sys.vpi";
:vpi_module "C:\iverilog\lib\ivl\vhdl_textio.vpi";
:vpi_module "C:\iverilog\lib\ivl\v2005_math.vpi";
:vpi_module "C:\iverilog\lib\ivl\va_math.vpi";
S_00000274a3982770 .scope module, "busbreakout" "busbreakout" 2 1;
 .timescale 0 0;
    .port_info 0 /INPUT 4 "a";
    .port_info 1 /INPUT 4 "b";
    .port_info 2 /OUTPUT 6 "p";
L_00000274a3983320 .functor AND 1, L_00000274a39b16f0, L_00000274a39b1010, C4<1>, C4<1>;
L_00000274a396e900 .functor AND 1, L_00000274a39b0ed0, L_00000274a39b11f0, C4<1>, C4<1>;
v00000274a3982fb0_0 .net *"_ivl_1", 1 0, L_00000274a39b0f70;  1 drivers
v00000274a3982900_0 .net *"_ivl_11", 0 0, L_00000274a39b11f0;  1 drivers
v00000274a39829a0_0 .net *"_ivl_12", 0 0, L_00000274a396e900;  1 drivers
v00000274a3982a40_0 .net *"_ivl_15", 1 0, L_00000274a39b1790;  1 drivers
v00000274a3982ae0_0 .net *"_ivl_3", 0 0, L_00000274a39b16f0;  1 drivers
v00000274a3982b80_0 .net *"_ivl_5", 0 0, L_00000274a39b1010;  1 drivers
v00000274a396e730_0 .net *"_ivl_6", 0 0, L_00000274a3983320;  1 drivers
v00000274a396e7d0_0 .net *"_ivl_9", 0 0, L_00000274a39b0ed0;  1 drivers
o00000274a39b70f8 .functor BUFZ 4, C4<zzzz>; HiZ drive
v00000274a39b0930_0 .net "a", 3 0, o00000274a39b70f8;  0 drivers
o00000274a39b7128 .functor BUFZ 4, C4<zzzz>; HiZ drive
v00000274a39b0a70_0 .net "b", 3 0, o00000274a39b7128;  0 drivers
v00000274a39b1150_0 .net "p", 5 0, L_00000274a39b10b0;  1 drivers
L_00000274a39b0f70 .part o00000274a39b70f8, 0, 2;
L_00000274a39b16f0 .part o00000274a39b70f8, 2, 1;
L_00000274a39b1010 .part o00000274a39b7128, 0, 1;
L_00000274a39b0ed0 .part o00000274a39b70f8, 3, 1;
L_00000274a39b11f0 .part o00000274a39b7128, 1, 1;
L_00000274a39b1790 .part o00000274a39b7128, 2, 2;
L_00000274a39b10b0 .concat [ 2 1 1 2], L_00000274a39b1790, L_00000274a396e900, L_00000274a3983320, L_00000274a39b0f70;
# The file index is used to find the file name in the following table.
:file_names 3;
    "N/A";
    "<interactive>";
    "bus_breakout.v";
