#! /c/Source/iverilog-install/bin/vvp
:ivl_version "12.0 (devel)" "(s20150603-1110-g18392a46)";
:ivl_delay_selection "TYPICAL";
:vpi_time_precision - 12;
:vpi_module "C:\iverilog\lib\ivl\system.vpi";
:vpi_module "C:\iverilog\lib\ivl\vhdl_sys.vpi";
:vpi_module "C:\iverilog\lib\ivl\vhdl_textio.vpi";
:vpi_module "C:\iverilog\lib\ivl\v2005_math.vpi";
:vpi_module "C:\iverilog\lib\ivl\va_math.vpi";
S_0000012b08e4bb50 .scope module, "fsm_moor_tb" "fsm_moor_tb" 2 4;
 .timescale -9 -12;
v0000012b08d26260_0 .var "clk", 0 0;
v0000012b08d26300_0 .net "nextstate", 2 0, L_0000012b08d26c50;  1 drivers
v0000012b08d80760_0 .var "reset", 0 0;
v0000012b08d80440_0 .net "state", 2 0, L_0000012b08d26b00;  1 drivers
v0000012b08d803a0_0 .net "y", 0 0, L_0000012b08d80bc0;  1 drivers
S_0000012b08d26030 .scope module, "uut" "divide_by3fsm" 2 12, 3 1 0, S_0000012b08e4bb50;
 .timescale -9 -12;
    .port_info 0 /INPUT 1 "reset";
    .port_info 1 /INPUT 1 "clk";
    .port_info 2 /OUTPUT 1 "y";
    .port_info 3 /OUTPUT 3 "state";
    .port_info 4 /OUTPUT 3 "nextstate";
P_0000012b08e4b150 .param/l "S0" 0 3 11, C4<000>;
P_0000012b08e4b188 .param/l "S1" 0 3 12, C4<001>;
P_0000012b08e4b1c0 .param/l "S2" 0 3 13, C4<010>;
L_0000012b08d26b00 .functor BUFZ 3, v0000012b08d34700_0, C4<000>, C4<000>, C4<000>;
L_0000012b08d26c50 .functor BUFZ 3, v0000012b08e4a550_0, C4<000>, C4<000>, C4<000>;
L_0000012b08d81048 .functor BUFT 1, C4<000>, C4<0>, C4<0>, C4<0>;
v0000012b08d031c0_0 .net/2u *"_ivl_0", 2 0, L_0000012b08d81048;  1 drivers
v0000012b08e4e6b0_0 .net "clk", 0 0, v0000012b08d26260_0;  1 drivers
v0000012b08e4a820_0 .net "nextstate", 2 0, L_0000012b08d26c50;  alias, 1 drivers
v0000012b08e4a550_0 .var "nextstate_reg", 2 0;
v0000012b08d345c0_0 .net "reset", 0 0, v0000012b08d80760_0;  1 drivers
v0000012b08d34660_0 .net "state", 2 0, L_0000012b08d26b00;  alias, 1 drivers
v0000012b08d34700_0 .var "state_reg", 2 0;
v0000012b08d261c0_0 .net "y", 0 0, L_0000012b08d80bc0;  alias, 1 drivers
E_0000012b08d38b80 .event anyedge, v0000012b08d34700_0;
E_0000012b08d397c0 .event posedge, v0000012b08d345c0_0, v0000012b08e4e6b0_0;
L_0000012b08d80bc0 .cmp/eq 3, v0000012b08d34700_0, L_0000012b08d81048;
    .scope S_0000012b08d26030;
T_0 ;
    %wait E_0000012b08d397c0;
    %load/vec4 v0000012b08d345c0_0;
    %flag_set/vec4 8;
    %jmp/0xz  T_0.0, 8;
    %pushi/vec4 0, 0, 3;
    %assign/vec4 v0000012b08d34700_0, 0;
    %jmp T_0.1;
T_0.0 ;
    %load/vec4 v0000012b08e4a550_0;
    %assign/vec4 v0000012b08d34700_0, 0;
T_0.1 ;
    %jmp T_0;
    .thread T_0;
    .scope S_0000012b08d26030;
T_1 ;
    %wait E_0000012b08d38b80;
    %load/vec4 v0000012b08d34700_0;
    %dup/vec4;
    %pushi/vec4 0, 0, 3;
    %cmp/u;
    %jmp/1 T_1.0, 6;
    %dup/vec4;
    %pushi/vec4 1, 0, 3;
    %cmp/u;
    %jmp/1 T_1.1, 6;
    %dup/vec4;
    %pushi/vec4 2, 0, 3;
    %cmp/u;
    %jmp/1 T_1.2, 6;
    %pushi/vec4 0, 0, 3;
    %store/vec4 v0000012b08e4a550_0, 0, 3;
    %jmp T_1.4;
T_1.0 ;
    %pushi/vec4 1, 0, 3;
    %store/vec4 v0000012b08e4a550_0, 0, 3;
    %jmp T_1.4;
T_1.1 ;
    %pushi/vec4 2, 0, 3;
    %store/vec4 v0000012b08e4a550_0, 0, 3;
    %jmp T_1.4;
T_1.2 ;
    %pushi/vec4 0, 0, 3;
    %store/vec4 v0000012b08e4a550_0, 0, 3;
    %jmp T_1.4;
T_1.4 ;
    %pop/vec4 1;
    %jmp T_1;
    .thread T_1, $push;
    .scope S_0000012b08e4bb50;
T_2 ;
    %vpi_call 2 21 "$dumpfile", "dump.vcd" {0 0 0};
    %vpi_call 2 22 "$dumpvars", 32'sb00000000000000000000000000000000, S_0000012b08e4bb50 {0 0 0};
    %end;
    .thread T_2;
    .scope S_0000012b08e4bb50;
T_3 ;
    %pushi/vec4 0, 0, 1;
    %store/vec4 v0000012b08d26260_0, 0, 1;
T_3.0 ;
    %delay 5000, 0;
    %load/vec4 v0000012b08d26260_0;
    %inv;
    %store/vec4 v0000012b08d26260_0, 0, 1;
    %jmp T_3.0;
    %end;
    .thread T_3;
    .scope S_0000012b08e4bb50;
T_4 ;
    %vpi_call 2 33 "$display", "Starting FSM Moore Testbench..." {0 0 0};
    %pushi/vec4 1, 0, 1;
    %store/vec4 v0000012b08d80760_0, 0, 1;
    %delay 12000, 0;
    %pushi/vec4 0, 0, 1;
    %store/vec4 v0000012b08d80760_0, 0, 1;
    %delay 100000, 0;
    %vpi_call 2 38 "$finish" {0 0 0};
    %end;
    .thread T_4;
    .scope S_0000012b08e4bb50;
T_5 ;
    %vpi_call 2 43 "$monitor", "Time=%0t | reset=%b | y=%b | state=%b | nextstate=%b", $time, v0000012b08d80760_0, v0000012b08d803a0_0, v0000012b08d80440_0, v0000012b08d26300_0 {0 0 0};
    %end;
    .thread T_5;
# The file index is used to find the file name in the following table.
:file_names 4;
    "N/A";
    "<interactive>";
    "fsm-moor-tb.v";
    "./fsm-moor.v";
