#! /c/Source/iverilog-install/bin/vvp
:ivl_version "12.0 (devel)" "(s20150603-1110-g18392a46)";
:ivl_delay_selection "TYPICAL";
:vpi_time_precision + 0;
:vpi_module "C:\iverilog\lib\ivl\system.vpi";
:vpi_module "C:\iverilog\lib\ivl\vhdl_sys.vpi";
:vpi_module "C:\iverilog\lib\ivl\vhdl_textio.vpi";
:vpi_module "C:\iverilog\lib\ivl\v2005_math.vpi";
:vpi_module "C:\iverilog\lib\ivl\va_math.vpi";
S_0000027107b12a90 .scope module, "divide_by3fsm" "divide_by3fsm" 2 1;
 .timescale 0 0;
    .port_info 0 /INPUT 1 "reset";
    .port_info 1 /INPUT 1 "clk";
    .port_info 2 /OUTPUT 1 "y";
    .port_info 3 /OUTPUT 3 "state";
    .port_info 4 /OUTPUT 3 "nextstate";
P_0000027107a89030 .param/l "S0" 0 2 11, C4<000>;
P_0000027107a89068 .param/l "S1" 0 2 12, C4<001>;
P_0000027107a890a0 .param/l "S2" 0 2 13, C4<010>;
L_0000027107a890e0 .functor BUFZ 3, v0000027107b12ea0_0, C4<000>, C4<000>, C4<000>;
L_0000027107a88ce0 .functor BUFZ 3, v0000027107b12cc0_0, C4<000>, C4<000>, C4<000>;
L_0000027107b89cc8 .functor BUFT 1, C4<000>, C4<0>, C4<0>, C4<0>;
v0000027107b13160_0 .net/2u *"_ivl_0", 2 0, L_0000027107b89cc8;  1 drivers
o0000027107b46fe8 .functor BUFZ 1, C4<z>; HiZ drive
v0000027107a88c40_0 .net "clk", 0 0, o0000027107b46fe8;  0 drivers
v0000027107b12c20_0 .net "nextstate", 2 0, L_0000027107a88ce0;  1 drivers
v0000027107b12cc0_0 .var "nextstate_reg", 2 0;
o0000027107b47078 .functor BUFZ 1, C4<z>; HiZ drive
v0000027107b12d60_0 .net "reset", 0 0, o0000027107b47078;  0 drivers
v0000027107b12e00_0 .net "state", 2 0, L_0000027107a890e0;  1 drivers
v0000027107b12ea0_0 .var "state_reg", 2 0;
v0000027107b89c20_0 .net "y", 0 0, L_0000027107bd1cd0;  1 drivers
E_0000027107b45de0 .event anyedge, v0000027107b12ea0_0;
E_0000027107b46420 .event posedge, v0000027107b12d60_0, v0000027107a88c40_0;
L_0000027107bd1cd0 .cmp/eq 3, v0000027107b12ea0_0, L_0000027107b89cc8;
    .scope S_0000027107b12a90;
T_0 ;
    %wait E_0000027107b46420;
    %load/vec4 v0000027107b12d60_0;
    %flag_set/vec4 8;
    %jmp/0xz  T_0.0, 8;
    %pushi/vec4 0, 0, 3;
    %assign/vec4 v0000027107b12ea0_0, 0;
    %jmp T_0.1;
T_0.0 ;
    %load/vec4 v0000027107b12cc0_0;
    %assign/vec4 v0000027107b12ea0_0, 0;
T_0.1 ;
    %jmp T_0;
    .thread T_0;
    .scope S_0000027107b12a90;
T_1 ;
    %wait E_0000027107b45de0;
    %load/vec4 v0000027107b12ea0_0;
    %dup/vec4;
    %pushi/vec4 0, 0, 3;
    %cmp/u;
    %jmp/1 T_1.0, 6;
    %dup/vec4;
    %pushi/vec4 1, 0, 3;
    %cmp/u;
    %jmp/1 T_1.1, 6;
    %dup/vec4;
    %pushi/vec4 2, 0, 3;
    %cmp/u;
    %jmp/1 T_1.2, 6;
    %pushi/vec4 0, 0, 3;
    %store/vec4 v0000027107b12cc0_0, 0, 3;
    %jmp T_1.4;
T_1.0 ;
    %pushi/vec4 1, 0, 3;
    %store/vec4 v0000027107b12cc0_0, 0, 3;
    %jmp T_1.4;
T_1.1 ;
    %pushi/vec4 2, 0, 3;
    %store/vec4 v0000027107b12cc0_0, 0, 3;
    %jmp T_1.4;
T_1.2 ;
    %pushi/vec4 0, 0, 3;
    %store/vec4 v0000027107b12cc0_0, 0, 3;
    %jmp T_1.4;
T_1.4 ;
    %pop/vec4 1;
    %jmp T_1;
    .thread T_1, $push;
# The file index is used to find the file name in the following table.
:file_names 3;
    "N/A";
    "<interactive>";
    "fsm-moor.v";
