#! /c/Source/iverilog-install/bin/vvp
:ivl_version "12.0 (devel)" "(s20150603-1110-g18392a46)";
:ivl_delay_selection "TYPICAL";
:vpi_time_precision - 12;
:vpi_module "C:\iverilog\lib\ivl\system.vpi";
:vpi_module "C:\iverilog\lib\ivl\vhdl_sys.vpi";
:vpi_module "C:\iverilog\lib\ivl\vhdl_textio.vpi";
:vpi_module "C:\iverilog\lib\ivl\v2005_math.vpi";
:vpi_module "C:\iverilog\lib\ivl\va_math.vpi";
S_0000020f697ee890 .scope module, "button_tb" "button_tb" 2 4;
 .timescale -9 -12;
v0000020f697eb810_0 .var "button", 0 0;
v0000020f697eb8b0_0 .var "clk", 0 0;
v0000020f697eb950_0 .net "led", 0 0, v0000020f69873140_0;  1 drivers
v0000020f697eb9f0_0 .var "reset", 0 0;
S_0000020f697eea20 .scope module, "uut" "button" 2 12, 3 1 0, S_0000020f697ee890;
 .timescale -9 -12;
    .port_info 0 /INPUT 1 "reset";
    .port_info 1 /INPUT 1 "clk";
    .port_info 2 /INPUT 1 "button";
    .port_info 3 /OUTPUT 1 "led";
P_0000020f697eebb0 .param/l "BTN_PRESSED" 0 3 18, C4<1>;
P_0000020f697eebe8 .param/l "BTN_RELEASED" 0 3 19, C4<0>;
P_0000020f697eec20 .param/l "LED_OFF" 0 3 12, C4<0>;
P_0000020f697eec58 .param/l "LED_ON" 0 3 11, C4<1>;
P_0000020f697eec90 .param/l "STATE_LEDOFF" 0 3 16, C4<0>;
P_0000020f697eecc8 .param/l "STATE_LEDON" 0 3 15, C4<1>;
v0000020f69873610_0 .net "button", 0 0, v0000020f697eb810_0;  1 drivers
v0000020f698733f0_0 .net "clk", 0 0, v0000020f697eb8b0_0;  1 drivers
v0000020f69873140_0 .var "led", 0 0;
v0000020f697eb6d0_0 .net "reset", 0 0, v0000020f697eb9f0_0;  1 drivers
v0000020f697eb770_0 .var "status", 0 0;
E_0000020f698aa0f0 .event posedge, v0000020f697eb6d0_0, v0000020f698733f0_0;
    .scope S_0000020f697eea20;
T_0 ;
    %wait E_0000020f698aa0f0;
    %load/vec4 v0000020f697eb6d0_0;
    %flag_set/vec4 8;
    %jmp/0xz  T_0.0, 8;
    %pushi/vec4 0, 0, 1;
    %assign/vec4 v0000020f69873140_0, 0;
    %jmp T_0.1;
T_0.0 ;
    %load/vec4 v0000020f697eb770_0;
    %dup/vec4;
    %pushi/vec4 1, 0, 1;
    %cmp/u;
    %jmp/1 T_0.2, 6;
    %dup/vec4;
    %pushi/vec4 0, 0, 1;
    %cmp/u;
    %jmp/1 T_0.3, 6;
    %jmp T_0.4;
T_0.2 ;
    %load/vec4 v0000020f69873610_0;
    %cmpi/e 0, 0, 1;
    %jmp/0xz  T_0.5, 4;
    %pushi/vec4 0, 0, 1;
    %assign/vec4 v0000020f697eb770_0, 0;
    %pushi/vec4 0, 0, 1;
    %assign/vec4 v0000020f69873140_0, 0;
    %jmp T_0.6;
T_0.5 ;
    %pushi/vec4 1, 0, 1;
    %assign/vec4 v0000020f69873140_0, 0;
T_0.6 ;
    %jmp T_0.4;
T_0.3 ;
    %load/vec4 v0000020f69873610_0;
    %cmpi/e 1, 0, 1;
    %jmp/0xz  T_0.7, 4;
    %pushi/vec4 1, 0, 1;
    %assign/vec4 v0000020f697eb770_0, 0;
    %pushi/vec4 1, 0, 1;
    %assign/vec4 v0000020f69873140_0, 0;
    %jmp T_0.8;
T_0.7 ;
    %pushi/vec4 0, 0, 1;
    %assign/vec4 v0000020f69873140_0, 0;
T_0.8 ;
    %jmp T_0.4;
T_0.4 ;
    %pop/vec4 1;
T_0.1 ;
    %jmp T_0;
    .thread T_0;
    .scope S_0000020f697ee890;
T_1 ;
    %vpi_call 2 20 "$dumpfile", "dump.vcd" {0 0 0};
    %vpi_call 2 21 "$dumpvars", 32'sb00000000000000000000000000000000, S_0000020f697ee890 {0 0 0};
    %end;
    .thread T_1;
    .scope S_0000020f697ee890;
T_2 ;
    %pushi/vec4 0, 0, 1;
    %store/vec4 v0000020f697eb8b0_0, 0, 1;
T_2.0 ;
    %delay 5000, 0;
    %load/vec4 v0000020f697eb8b0_0;
    %inv;
    %store/vec4 v0000020f697eb8b0_0, 0, 1;
    %jmp T_2.0;
    %end;
    .thread T_2;
    .scope S_0000020f697ee890;
T_3 ;
    %pushi/vec4 0, 0, 1;
    %store/vec4 v0000020f697eb9f0_0, 0, 1;
    %pushi/vec4 0, 0, 1;
    %store/vec4 v0000020f697eb810_0, 0, 1;
    %delay 12000, 0;
    %pushi/vec4 1, 0, 1;
    %store/vec4 v0000020f697eb810_0, 0, 1;
    %delay 10000, 0;
    %pushi/vec4 0, 0, 1;
    %store/vec4 v0000020f697eb810_0, 0, 1;
    %delay 10000, 0;
    %pushi/vec4 1, 0, 1;
    %store/vec4 v0000020f697eb810_0, 0, 1;
    %delay 10000, 0;
    %pushi/vec4 1, 0, 1;
    %store/vec4 v0000020f697eb9f0_0, 0, 1;
    %delay 10000, 0;
    %pushi/vec4 0, 0, 1;
    %store/vec4 v0000020f697eb9f0_0, 0, 1;
    %delay 10000, 0;
    %pushi/vec4 0, 0, 1;
    %store/vec4 v0000020f697eb810_0, 0, 1;
    %delay 10000, 0;
    %pushi/vec4 1, 0, 1;
    %store/vec4 v0000020f697eb810_0, 0, 1;
    %delay 8000, 0;
    %vpi_call 2 42 "$finish" {0 0 0};
    %end;
    .thread T_3;
    .scope S_0000020f697ee890;
T_4 ;
    %vpi_call 2 47 "$monitor", "Time=%0t | reset=%b | clk=%b | led=%b", $time, v0000020f697eb9f0_0, v0000020f697eb8b0_0, v0000020f697eb950_0 {0 0 0};
    %end;
    .thread T_4;
# The file index is used to find the file name in the following table.
:file_names 4;
    "N/A";
    "<interactive>";
    "button_tb.v";
    "./button.v";
