#! /c/Source/iverilog-install/bin/vvp
:ivl_version "12.0 (devel)" "(s20150603-1110-g18392a46)";
:ivl_delay_selection "TYPICAL";
:vpi_time_precision + 0;
:vpi_module "C:\iverilog\lib\ivl\system.vpi";
:vpi_module "C:\iverilog\lib\ivl\vhdl_sys.vpi";
:vpi_module "C:\iverilog\lib\ivl\vhdl_textio.vpi";
:vpi_module "C:\iverilog\lib\ivl\v2005_math.vpi";
:vpi_module "C:\iverilog\lib\ivl\va_math.vpi";
S_000001e82c862df0 .scope module, "button" "button" 2 1;
 .timescale 0 0;
    .port_info 0 /INPUT 1 "reset";
    .port_info 1 /INPUT 1 "clk";
    .port_info 2 /INPUT 1 "button";
    .port_info 3 /OUTPUT 1 "led";
P_000001e82c862f80 .param/l "BTN_PRESSED" 0 2 18, C4<1>;
P_000001e82c862fb8 .param/l "BTN_RELEASED" 0 2 19, C4<0>;
P_000001e82c862ff0 .param/l "LED_OFF" 0 2 12, C4<0>;
P_000001e82c863028 .param/l "LED_ON" 0 2 11, C4<1>;
P_000001e82c863060 .param/l "STATE_LEDOFF" 0 2 16, C4<0>;
P_000001e82c863098 .param/l "STATE_LEDON" 0 2 15, C4<1>;
o000001e82c896fb8 .functor BUFZ 1, C4<z>; HiZ drive
v000001e82c8635b0_0 .net "button", 0 0, o000001e82c896fb8;  0 drivers
o000001e82c896fe8 .functor BUFZ 1, C4<z>; HiZ drive
v000001e82c863390_0 .net "clk", 0 0, o000001e82c896fe8;  0 drivers
v000001e82c8630e0_0 .var "led", 0 0;
o000001e82c897048 .functor BUFZ 1, C4<z>; HiZ drive
v000001e82c84b920_0 .net "reset", 0 0, o000001e82c897048;  0 drivers
v000001e82c84b9c0_0 .var "status", 0 0;
E_000001e82c8965f0 .event posedge, v000001e82c84b920_0, v000001e82c863390_0;
    .scope S_000001e82c862df0;
T_0 ;
    %wait E_000001e82c8965f0;
    %load/vec4 v000001e82c84b920_0;
    %flag_set/vec4 8;
    %jmp/0xz  T_0.0, 8;
    %pushi/vec4 0, 0, 1;
    %assign/vec4 v000001e82c8630e0_0, 0;
    %jmp T_0.1;
T_0.0 ;
    %load/vec4 v000001e82c84b9c0_0;
    %dup/vec4;
    %pushi/vec4 1, 0, 1;
    %cmp/u;
    %jmp/1 T_0.2, 6;
    %dup/vec4;
    %pushi/vec4 0, 0, 1;
    %cmp/u;
    %jmp/1 T_0.3, 6;
    %jmp T_0.4;
T_0.2 ;
    %load/vec4 v000001e82c8635b0_0;
    %cmpi/e 0, 0, 1;
    %jmp/0xz  T_0.5, 4;
    %pushi/vec4 0, 0, 1;
    %assign/vec4 v000001e82c84b9c0_0, 0;
    %pushi/vec4 0, 0, 1;
    %assign/vec4 v000001e82c8630e0_0, 0;
    %jmp T_0.6;
T_0.5 ;
    %pushi/vec4 1, 0, 1;
    %assign/vec4 v000001e82c8630e0_0, 0;
T_0.6 ;
    %jmp T_0.4;
T_0.3 ;
    %load/vec4 v000001e82c8635b0_0;
    %cmpi/e 1, 0, 1;
    %jmp/0xz  T_0.7, 4;
    %pushi/vec4 1, 0, 1;
    %assign/vec4 v000001e82c84b9c0_0, 0;
    %pushi/vec4 1, 0, 1;
    %assign/vec4 v000001e82c8630e0_0, 0;
    %jmp T_0.8;
T_0.7 ;
    %pushi/vec4 0, 0, 1;
    %assign/vec4 v000001e82c8630e0_0, 0;
T_0.8 ;
    %jmp T_0.4;
T_0.4 ;
    %pop/vec4 1;
T_0.1 ;
    %jmp T_0;
    .thread T_0;
# The file index is used to find the file name in the following table.
:file_names 3;
    "N/A";
    "<interactive>";
    "button.v";
