#! /c/Source/iverilog-install/bin/vvp
:ivl_version "12.0 (devel)" "(s20150603-1110-g18392a46)";
:ivl_delay_selection "TYPICAL";
:vpi_time_precision + 0;
:vpi_module "C:\iverilog\lib\ivl\system.vpi";
:vpi_module "C:\iverilog\lib\ivl\vhdl_sys.vpi";
:vpi_module "C:\iverilog\lib\ivl\vhdl_textio.vpi";
:vpi_module "C:\iverilog\lib\ivl\v2005_math.vpi";
:vpi_module "C:\iverilog\lib\ivl\va_math.vpi";
S_000002a39f412740 .scope module, "mynotgate" "mynotgate" 2 3;
 .timescale 0 0;
    .port_info 0 /INPUT 1 "a";
    .port_info 1 /OUTPUT 1 "nota";
o000002a39f4348c8 .functor BUFZ 1, C4<z>; HiZ drive
L_000002a39f412df0 .functor NOT 1, o000002a39f4348c8, C4<0>, C4<0>, C4<0>;
v000002a39f413010_0 .net "a", 0 0, o000002a39f4348c8;  0 drivers
v000002a39f4128d0_0 .net "nota", 0 0, L_000002a39f412df0;  1 drivers
# The file index is used to find the file name in the following table.
:file_names 3;
    "N/A";
    "<interactive>";
    "mynotgate.v";
